<?xml version="1.0" encoding="UTF-8"?><testsuite errors="1" failures="0" name="Validar titulos de productos" skipped="0" tests="1" time="53.51" timestamp="2022-08-08 01:37:24"><testcase name="Validacion de productos en falabella"><error message="no such element: Unable to locate element: {&quot;method&quot;:&quot;css selector&quot;,&quot;selector&quot;:&quot;#testId\-Dropdown\-Precio\ de\ mayor\ a\ menor&quot;}&#10;  (Session info: chrome=104.0.5112.79)&#10;For documentation on this error, please visit: https://www.seleniumhq.org/exceptions/no_such_element.html&#10;Build info: version: '3.141.59', revision: 'e82be7d358', time: '2018-11-14T08:17:03'&#10;System info: host: 'RETRO-VICTUS', ip: '192.168.1.238', os.name: 'Windows 11', os.arch: 'amd64', os.version: '10.0', java.version: '1.8.0_333'&#10;Driver info: org.openqa.selenium.chrome.ChromeDriver&#10;Capabilities {acceptInsecureCerts: false, browserName: chrome, browserVersion: 104.0.5112.79, chrome: {chromedriverVersion: 103.0.5060.134 (8ec6fce403b..., userDataDir: C:\Users\utpca\AppData\Loca...}, goog:chromeOptions: {debuggerAddress: localhost:59975}, javascriptEnabled: true, networkConnectionEnabled: false, pageLoadStrategy: normal, platform: WINDOWS, platformName: WINDOWS, proxy: Proxy(), setWindowRect: true, strictFileInteractability: false, timeouts: {implicit: 0, pageLoad: 300000, script: 30000}, unhandledPromptBehavior: dismiss and notify, webauthn:extension:credBlob: true, webauthn:extension:largeBlob: true, webauthn:virtualAuthenticators: true}&#10;Session ID: 36d61cf30f8ca9b89bb6d2883a72f4cf&#10;*** Element info: {Using=id, value=testId-Dropdown-Precio de mayor a menor}&#10;For documentation on this error, please visit: https://www.seleniumhq.org/exceptions/no_such_element.html&#10;Build info: version: '3.141.59', revision: 'e82be7d358', time: '2018-11-14T08:17:03'&#10;System info: host: 'RETRO-VICTUS', ip: '192.168.1.238', os.name: 'Windows 11', os.arch: 'amd64', os.version: '10.0', java.version: '1.8.0_333'&#10;Driver info: driver.version: unknown" type="org.openqa.selenium.NoSuchElementException">no such element: Unable to locate element: {"method":"css selector","selector":"#testId\-Dropdown\-Precio\ de\ mayor\ a\ menor"}
  (Session info: chrome=104.0.5112.79)
For documentation on this error, please visit: https://www.seleniumhq.org/exceptions/no_such_element.html
Build info: version: '3.141.59', revision: 'e82be7d358', time: '2018-11-14T08:17:03'
System info: host: 'RETRO-VICTUS', ip: '192.168.1.238', os.name: 'Windows 11', os.arch: 'amd64', os.version: '10.0', java.version: '1.8.0_333'
Driver info: org.openqa.selenium.chrome.ChromeDriver
Capabilities {acceptInsecureCerts: false, browserName: chrome, browserVersion: 104.0.5112.79, chrome: {chromedriverVersion: 103.0.5060.134 (8ec6fce403b..., userDataDir: C:\Users\utpca\AppData\Loca...}, goog:chromeOptions: {debuggerAddress: localhost:59975}, javascriptEnabled: true, networkConnectionEnabled: false, pageLoadStrategy: normal, platform: WINDOWS, platformName: WINDOWS, proxy: Proxy(), setWindowRect: true, strictFileInteractability: false, timeouts: {implicit: 0, pageLoad: 300000, script: 30000}, unhandledPromptBehavior: dismiss and notify, webauthn:extension:credBlob: true, webauthn:extension:largeBlob: true, webauthn:virtualAuthenticators: true}
Session ID: 36d61cf30f8ca9b89bb6d2883a72f4cf
*** Element info: {Using=id, value=testId-Dropdown-Precio de mayor a menor}
For documentation on this error, please visit: https://www.seleniumhq.org/exceptions/no_such_element.html
Build info: version: '3.141.59', revision: 'e82be7d358', time: '2018-11-14T08:17:03'
System info: host: 'RETRO-VICTUS', ip: '192.168.1.238', os.name: 'Windows 11', os.arch: 'amd64', os.version: '10.0', java.version: '1.8.0_333'
Driver info: driver.version: unknown</error><system-err>no such element: Unable to locate element: {"method":"css selector","selector":"#testId\-Dropdown\-Precio\ de\ mayor\ a\ menor"}
  (Session info: chrome=104.0.5112.79)
For documentation on this error, please visit: https://www.seleniumhq.org/exceptions/no_such_element.html
Build info: version: '3.141.59', revision: 'e82be7d358', time: '2018-11-14T08:17:03'
System info: host: 'RETRO-VICTUS', ip: '192.168.1.238', os.name: 'Windows 11', os.arch: 'amd64', os.version: '10.0', java.version: '1.8.0_333'
Driver info: org.openqa.selenium.chrome.ChromeDriver
Capabilities {acceptInsecureCerts: false, browserName: chrome, browserVersion: 104.0.5112.79, chrome: {chromedriverVersion: 103.0.5060.134 (8ec6fce403b..., userDataDir: C:\Users\utpca\AppData\Loca...}, goog:chromeOptions: {debuggerAddress: localhost:59975}, javascriptEnabled: true, networkConnectionEnabled: false, pageLoadStrategy: normal, platform: WINDOWS, platformName: WINDOWS, proxy: Proxy(), setWindowRect: true, strictFileInteractability: false, timeouts: {implicit: 0, pageLoad: 300000, script: 30000}, unhandledPromptBehavior: dismiss and notify, webauthn:extension:credBlob: true, webauthn:extension:largeBlob: true, webauthn:virtualAuthenticators: true}
Session ID: 36d61cf30f8ca9b89bb6d2883a72f4cf
*** Element info: {Using=id, value=testId-Dropdown-Precio de mayor a menor}
For documentation on this error, please visit: https://www.seleniumhq.org/exceptions/no_such_element.html
Build info: version: '3.141.59', revision: 'e82be7d358', time: '2018-11-14T08:17:03'
System info: host: 'RETRO-VICTUS', ip: '192.168.1.238', os.name: 'Windows 11', os.arch: 'amd64', os.version: '10.0', java.version: '1.8.0_333'
Driver info: driver.version: unknown&#13;
co.com.falabella.steps.MetodosSeleniumSteps.clickear(MetodosSeleniumSteps.java:11)&#13;
co.com.falabella.steps.CategoriaSteps.busquedaPorCategoria(CategoriaSteps.java:34)&#13;
co.com.falabella.stepDefinitions.CategoriaStepDefinition.doy_click_en_una_categoria(CategoriaStepDefinition.java:33)&#13;
✽.doy click en una categoria(src/test/resources/co.com.falabella.features/categorias.feature:5)&#13;
</system-err></testcase></testsuite>